[user@centos-7 ~]$ sudo yum install -y rng-tools
Loaded plugins: fastestmirror
Loading mirror speeds from cached hostfile
 * base: mirrors.greenmountainaccess.net
 * extras: repo.miserver.it.umich.edu
 * updates: centos.s.uw.edu
Resolving Dependencies
--> Running transaction check
---> Package rng-tools.x86_64 0:6.3.1-3.el7 will be installed
--> Finished Dependency Resolution

Dependencies Resolved

====================================================================================================
 Package                 Arch                 Version                      Repository          Size
====================================================================================================
Installing:
 rng-tools               x86_64               6.3.1-3.el7                  base                49 k

Transaction Summary
====================================================================================================
Install  1 Package

Total download size: 49 k
Installed size: 102 k
Downloading packages:
rng-tools-6.3.1-3.el7.x86_64.rpm                                             |  49 kB  00:00:00
Running transaction check
Running transaction test
Transaction test succeeded
Running transaction
  Installing : rng-tools-6.3.1-3.el7.x86_64                                                     1/1
  Verifying  : rng-tools-6.3.1-3.el7.x86_64                                                     1/1

Installed:
  rng-tools.x86_64 0:6.3.1-3.el7

Complete!
[user@centos-7 ~]$ sudo systemctl start rngd
[user@centos-7 ~]$ sudo systemctl status rngd
● rngd.service - Hardware RNG Entropy Gatherer Daemon
   Loaded: loaded (/usr/lib/systemd/system/rngd.service; enabled; vendor preset: enabled)
   Active: active (running) since Mon 2019-08-19 13:58:09 MST; 2s ago
 Main PID: 1740 (rngd)
   CGroup: /system.slice/rngd.service
           └─1740 /sbin/rngd -f

Aug 19 13:58:09 centos-7.hyper-v.local systemd[1]: Started Hardware RNG Entropy Gatherer Daemon.
Aug 19 13:58:09 centos-7.hyper-v.local rngd[1740]: Initalizing available sources
Aug 19 13:58:09 centos-7.hyper-v.local rngd[1740]: Failed to init entropy source 0: Hardware R...ce
Aug 19 13:58:09 centos-7.hyper-v.local rngd[1740]: Enabling RDSEED rng support
Aug 19 13:58:09 centos-7.hyper-v.local rngd[1740]: JITTER rng fails with code 2
Aug 19 13:58:09 centos-7.hyper-v.local rngd[1740]: Failed to init entropy source 5: JITTER Ent...or
Hint: Some lines were ellipsized, use -l to show in full.
[user@centos-7 ~]$ rngd -l
Entropy sources that are available but disabled
1: TPM RNG Device
4: NIST Network Entropy Beacon
Available and enabled entropy sources:
2: Intel RDRAND Instruction RNG
