user@ubuntu-16:~$ ls -l /tmp/rng-tools_5-0ubuntu3_amd64.deb
-rw-rw-r-- 1 user user 21916 Aug 16 13:49 /tmp/rng-tools_5-0ubuntu3_amd64.deb
user@ubuntu-16:~$ sudo dpkg -i /tmp/rng-tools_5-0ubuntu3_amd64.deb
[sudo] password for user:
Selecting previously unselected package rng-tools.
(Reading database ... 93085 files and directories currently installed.)
Preparing to unpack .../rng-tools_5-0ubuntu3_amd64.deb ...
Unpacking rng-tools (5-0ubuntu3) ...
Setting up rng-tools (5-0ubuntu3) ...
Processing triggers for man-db (2.7.5-1) ...
Processing triggers for ureadahead (0.100.0-19.1) ...
Processing triggers for systemd (229-4ubuntu21.22) ...
user@ubuntu-16:~$ pgrep -a rngd
1561 /usr/sbin/rngd -r /dev/hwrng
user@ubuntu-16:~$ sudo systemctl status rng-tools
● rng-tools.service
   Loaded: loaded (/etc/init.d/rng-tools; bad; vendor preset: enabled)
   Active: active (running) since Fri 2019-08-16 13:49:45 MST; 17s ago
     Docs: man:systemd-sysv-generator(8)
   CGroup: /system.slice/rng-tools.service
           └─1561 /usr/sbin/rngd -r /dev/hwrng

Aug 16 13:49:45 ubuntu-16 systemd[1]: Starting rng-tools.service...
Aug 16 13:49:45 ubuntu-16 rng-tools[1559]: Starting Hardware RNG entropy gatherer daemon: rngd.
Aug 16 13:49:45 ubuntu-16 systemd[1]: Started rng-tools.service.
