user@ubuntu-18:~$ sudo apt-get install rng-tools
Reading package lists... Done
Building dependency tree
Reading state information... Done
The following NEW packages will be installed:
  rng-tools
0 upgraded, 1 newly installed, 0 to remove and 0 not upgraded.
Need to get 22.5 kB of archives.
After this operation, 99.3 kB of additional disk space will be used.
Get:1 http://us.archive.ubuntu.com/ubuntu bionic/universe amd64 rng-tools amd64 5-0ubuntu4 [22.5 kB]
Fetched 22.5 kB in 0s (59.9 kB/s)
Selecting previously unselected package rng-tools.
(Reading database ... 127631 files and directories currently installed.)
Preparing to unpack .../rng-tools_5-0ubuntu4_amd64.deb ...
Unpacking rng-tools (5-0ubuntu4) ...
Processing triggers for ureadahead (0.100.0-21) ...
Setting up rng-tools (5-0ubuntu4) ...
Processing triggers for systemd (237-3ubuntu10.25) ...
Processing triggers for man-db (2.8.3-2ubuntu0.1) ...
Processing triggers for ureadahead (0.100.0-21) ...
user@ubuntu-18:~$ sudo systemctl status rng-tools
● rng-tools.service
   Loaded: loaded (/etc/init.d/rng-tools; generated)
   Active: active (running) since Mon 2019-08-19 17:04:25 UTC; 5s ago
     Docs: man:systemd-sysv-generator(8)
    Tasks: 1 (limit: 2277)
   CGroup: /system.slice/rng-tools.service
           └─1636 /usr/sbin/rngd -r /dev/hwrng

Aug 19 17:04:25 ubuntu-18 systemd[1]: Starting rng-tools.service...
Aug 19 17:04:25 ubuntu-18 rng-tools[1634]: Starting Hardware RNG entropy gatherer daemon: rngd.
Aug 19 17:04:25 ubuntu-18 systemd[1]: Started rng-tools.service.
user@ubuntu-18:~$ sudo systemctl is-enabled rng-tools
rng-tools.service is not a native service, redirecting to systemd-sysv-install.
Executing: /lib/systemd/systemd-sysv-install is-enabled rng-tools
enabled
